{
  "RSpec": {
    "coverage": {
      "/home/developer/work_space/nilesh_sir_test/project_conversation_history_task/config/environment.rb": {
        "lines": [
          null,
          1,
          null,
          null,
          1
        ]
      },
      "/home/developer/work_space/nilesh_sir_test/project_conversation_history_task/config/application.rb": {
        "lines": [
          1,
          null,
          1,
          null,
          null,
          null,
          1,
          null,
          1,
          1,
          null,
          1,
          null,
          null,
          null,
          null,
          1,
          null,
          null,
          null,
          null,
          null,
          null,
          null,
          null,
          null,
          null
        ]
      },
      "/home/developer/work_space/nilesh_sir_test/project_conversation_history_task/config/boot.rb": {
        "lines": [
          1,
          null,
          1,
          1
        ]
      },
      "/home/developer/work_space/nilesh_sir_test/project_conversation_history_task/config/environments/test.rb": {
        "lines": [
          1,
          null,
          null,
          null,
          null,
          null,
          null,
          1,
          null,
          null,
          null,
          1,
          null,
          null,
          null,
          null,
          null,
          1,
          null,
          null,
          1,
          1,
          null,
          null,
          null,
          null,
          1,
          1,
          1,
          null,
          null,
          1,
          null,
          null,
          1,
          null,
          null,
          1,
          null,
          1,
          null,
          null,
          null,
          null,
          1,
          null,
          null,
          1,
          null,
          null,
          1,
          null,
          null,
          1,
          null,
          null,
          null,
          null,
          null,
          null,
          null,
          null,
          1,
          null
        ]
      },
      "/home/developer/work_space/nilesh_sir_test/project_conversation_history_task/config/initializers/assets.rb": {
        "lines": [
          null,
          null,
          null,
          1,
          null,
          null,
          null,
          null,
          null,
          null,
          null,
          null
        ]
      },
      "/home/developer/work_space/nilesh_sir_test/project_conversation_history_task/config/initializers/content_security_policy.rb": {
        "lines": [
          null,
          null,
          null,
          null,
          null,
          null,
          null,
          null,
          null,
          null,
          null,
          null,
          null,
          null,
          null,
          null,
          null,
          null,
          null,
          null,
          null,
          null,
          null,
          null,
          null
        ]
      },
      "/home/developer/work_space/nilesh_sir_test/project_conversation_history_task/config/initializers/devise.rb": {
        "lines": [
          null,
          null,
          null,
          null,
          null,
          null,
          null,
          null,
          null,
          null,
          1,
          null,
          null,
          null,
          null,
          null,
          null,
          null,
          null,
          null,
          null,
          null,
          null,
          null,
          null,
          null,
          1,
          null,
          null,
          null,
          null,
          null,
          null,
          null,
          null,
          null,
          null,
          null,
          1,
          null,
          null,
          null,
          null,
          null,
          null,
          null,
          null,
          null,
          null,
          null,
          null,
          null,
          null,
          null,
          null,
          null,
          null,
          null,
          null,
          null,
          1,
          null,
          null,
          null,
          null,
          1,
          null,
          null,
          null,
          null,
          null,
          null,
          null,
          null,
          null,
          null,
          null,
          null,
          null,
          null,
          null,
          null,
          null,
          null,
          null,
          null,
          null,
          null,
          null,
          null,
          null,
          null,
          null,
          null,
          null,
          null,
          null,
          null,
          null,
          1,
          null,
          null,
          null,
          null,
          null,
          null,
          null,
          null,
          null,
          null,
          null,
          null,
          null,
          null,
          null,
          null,
          null,
          null,
          null,
          null,
          null,
          null,
          null,
          null,
          null,
          1,
          null,
          null,
          null,
          null,
          null,
          null,
          null,
          null,
          null,
          null,
          null,
          null,
          null,
          null,
          null,
          null,
          null,
          null,
          null,
          null,
          null,
          null,
          null,
          null,
          null,
          null,
          null,
          null,
          null,
          null,
          null,
          null,
          null,
          1,
          null,
          null,
          null,
          null,
          null,
          null,
          null,
          null,
          null,
          1,
          null,
          null,
          null,
          null,
          null,
          null,
          null,
          null,
          null,
          null,
          1,
          null,
          null,
          null,
          null,
          1,
          null,
          null,
          null,
          null,
          null,
          null,
          null,
          null,
          null,
          null,
          null,
          null,
          null,
          null,
          null,
          null,
          null,
          null,
          null,
          null,
          null,
          null,
          null,
          null,
          null,
          null,
          null,
          null,
          null,
          null,
          null,
          null,
          null,
          null,
          null,
          null,
          null,
          null,
          null,
          null,
          1,
          null,
          null,
          null,
          null,
          null,
          null,
          null,
          null,
          null,
          null,
          null,
          null,
          null,
          null,
          null,
          null,
          null,
          null,
          null,
          null,
          null,
          null,
          null,
          null,
          null,
          null,
          null,
          null,
          null,
          null,
          null,
          null,
          null,
          null,
          null,
          null,
          null,
          null,
          null,
          null,
          null,
          1,
          null,
          null,
          null,
          null,
          null,
          null,
          null,
          null,
          null,
          null,
          null,
          null,
          null,
          null,
          null,
          null,
          null,
          null,
          null,
          null,
          null,
          null,
          null,
          null,
          null,
          null,
          null,
          null,
          null,
          null,
          null,
          null,
          null,
          null,
          null,
          1,
          1,
          null,
          null,
          null,
          null,
          null,
          null,
          null
        ]
      },
      "/home/developer/work_space/nilesh_sir_test/project_conversation_history_task/config/initializers/filter_parameter_logging.rb": {
        "lines": [
          null,
          null,
          null,
          null,
          null,
          1,
          null,
          null
        ]
      },
      "/home/developer/work_space/nilesh_sir_test/project_conversation_history_task/config/initializers/inflections.rb": {
        "lines": [
          null,
          null,
          null,
          null,
          null,
          null,
          null,
          null,
          null,
          null,
          null,
          null,
          null,
          null,
          null,
          null
        ]
      },
      "/home/developer/work_space/nilesh_sir_test/project_conversation_history_task/config/initializers/permissions_policy.rb": {
        "lines": [
          null,
          null,
          null,
          null,
          null,
          null,
          null,
          null,
          null,
          null,
          null,
          null,
          null
        ]
      },
      "/home/developer/work_space/nilesh_sir_test/project_conversation_history_task/spec/factories/comments.rb": {
        "lines": [
          1,
          1,
          5,
          1,
          1,
          null,
          null,
          null
        ]
      },
      "/home/developer/work_space/nilesh_sir_test/project_conversation_history_task/spec/factories/projects.rb": {
        "lines": [
          1,
          1,
          19,
          22,
          23,
          1,
          null,
          null
        ]
      },
      "/home/developer/work_space/nilesh_sir_test/project_conversation_history_task/spec/factories/users.rb": {
        "lines": [
          1,
          1,
          29,
          31,
          38,
          null,
          null
        ]
      },
      "/home/developer/work_space/nilesh_sir_test/project_conversation_history_task/config/routes.rb": {
        "lines": [
          1,
          null,
          null,
          null,
          null,
          1,
          null,
          null,
          null,
          1,
          1,
          1,
          1,
          null,
          null,
          1,
          1,
          null,
          null
        ]
      },
      "/home/developer/work_space/nilesh_sir_test/project_conversation_history_task/app/models/user.rb": {
        "lines": [
          1,
          null,
          null,
          1,
          null,
          null,
          1,
          1,
          1,
          1,
          null,
          1,
          null,
          1,
          1,
          null,
          null
        ]
      },
      "/home/developer/work_space/nilesh_sir_test/project_conversation_history_task/app/models/application_record.rb": {
        "lines": [
          1,
          1,
          null
        ]
      },
      "/home/developer/work_space/nilesh_sir_test/project_conversation_history_task/app/helpers/application_helper.rb": {
        "lines": [
          1,
          null
        ]
      },
      "/home/developer/work_space/nilesh_sir_test/project_conversation_history_task/app/helpers/comments_helper.rb": {
        "lines": [
          1,
          null
        ]
      },
      "/home/developer/work_space/nilesh_sir_test/project_conversation_history_task/app/helpers/projects_helper.rb": {
        "lines": [
          1,
          null
        ]
      },
      "/home/developer/work_space/nilesh_sir_test/project_conversation_history_task/app/helpers/users_helper.rb": {
        "lines": [
          1,
          null
        ]
      },
      "/home/developer/work_space/nilesh_sir_test/project_conversation_history_task/app/controllers/comments_controller.rb": {
        "lines": [
          1,
          1,
          1,
          null,
          1,
          4,
          4,
          null,
          4,
          2,
          null,
          2,
          null,
          null,
          null,
          1,
          null,
          1,
          4,
          null,
          null,
          1,
          4,
          null,
          null
        ]
      },
      "/home/developer/work_space/nilesh_sir_test/project_conversation_history_task/app/controllers/application_controller.rb": {
        "lines": [
          1,
          1,
          null,
          1,
          0,
          null,
          null,
          1,
          0,
          null,
          null,
          1,
          null,
          1,
          0,
          0,
          null,
          null
        ]
      },
      "/home/developer/work_space/nilesh_sir_test/project_conversation_history_task/spec/controllers/projects_controller_spec.rb": {
        "lines": [
          1,
          null,
          1,
          1,
          19,
          11,
          null,
          1,
          18,
          null,
          null,
          1,
          1,
          1,
          1,
          null,
          null,
          1,
          1,
          1,
          null,
          null,
          null,
          1,
          1,
          1,
          1,
          null,
          null,
          1,
          1,
          1,
          null,
          null,
          null,
          1,
          1,
          1,
          1,
          1,
          null,
          null,
          null,
          1,
          1,
          1,
          1,
          null,
          null,
          null,
          1,
          1,
          1,
          1,
          null,
          null,
          null,
          1,
          1,
          1,
          1,
          null,
          null,
          null,
          null,
          1,
          1,
          1,
          1,
          null,
          null,
          1,
          1,
          1,
          null,
          null,
          null,
          1,
          1,
          1,
          1,
          null,
          null,
          1,
          1,
          1,
          null,
          null,
          null,
          1,
          1,
          1,
          1,
          1,
          1,
          1,
          null,
          null,
          1,
          1,
          1,
          1,
          null,
          null,
          null,
          1,
          1,
          1,
          1,
          1,
          null,
          null,
          1,
          1,
          1,
          1,
          null,
          null,
          null,
          null,
          1,
          1,
          1,
          1,
          1,
          null,
          null,
          null,
          1,
          1,
          1,
          1,
          null,
          null,
          null
        ]
      },
      "/home/developer/work_space/nilesh_sir_test/project_conversation_history_task/app/controllers/projects_controller.rb": {
        "lines": [
          1,
          1,
          null,
          1,
          2,
          2,
          null,
          null,
          1,
          2,
          null,
          null,
          1,
          4,
          null,
          4,
          null,
          4,
          2,
          null,
          2,
          null,
          null,
          null,
          1,
          2,
          2,
          null,
          null,
          1,
          2,
          null,
          null,
          1,
          4,
          4,
          2,
          null,
          2,
          null,
          null,
          null,
          1,
          2,
          2,
          2,
          null,
          null,
          1,
          null,
          1,
          8,
          null,
          null
        ]
      },
      "/home/developer/work_space/nilesh_sir_test/project_conversation_history_task/spec/models/comment_spec.rb": {
        "lines": [
          1,
          null,
          1,
          3,
          3,
          2,
          null,
          2,
          2,
          2,
          2,
          2,
          null,
          2,
          null,
          1,
          1,
          1,
          1,
          null,
          null,
          null,
          1,
          1,
          1,
          1,
          1,
          null,
          1,
          1,
          null,
          null,
          null
        ]
      },
      "/home/developer/work_space/nilesh_sir_test/project_conversation_history_task/app/models/comment.rb": {
        "lines": [
          1,
          1,
          1,
          1,
          null,
          1,
          1,
          1,
          null,
          1,
          null,
          4,
          null,
          1,
          null,
          1,
          9,
          9,
          0,
          0,
          null,
          null,
          null
        ]
      },
      "/home/developer/work_space/nilesh_sir_test/project_conversation_history_task/spec/models/mention_spec.rb": {
        "lines": [
          1,
          null,
          1,
          4,
          3,
          null,
          2,
          2,
          null,
          null,
          1,
          1,
          1,
          null,
          null,
          1,
          1,
          1,
          null,
          null,
          1,
          1,
          1,
          null,
          null
        ]
      },
      "/home/developer/work_space/nilesh_sir_test/project_conversation_history_task/app/models/mention.rb": {
        "lines": [
          1,
          1,
          1,
          null
        ]
      },
      "/home/developer/work_space/nilesh_sir_test/project_conversation_history_task/spec/models/notification_spec.rb": {
        "lines": [
          1,
          null,
          1,
          3,
          3,
          3,
          null,
          2,
          2,
          2,
          null,
          1,
          1,
          1,
          1,
          null,
          null,
          null,
          1,
          2,
          null,
          1,
          1,
          1,
          null,
          1,
          1,
          1,
          null,
          null,
          null
        ]
      },
      "/home/developer/work_space/nilesh_sir_test/project_conversation_history_task/app/models/notification.rb": {
        "lines": [
          1,
          1,
          1,
          1,
          null,
          1,
          null,
          1,
          null,
          1,
          2,
          null,
          null
        ]
      },
      "/home/developer/work_space/nilesh_sir_test/project_conversation_history_task/spec/models/project_spec.rb": {
        "lines": [
          1,
          null,
          1,
          null,
          2,
          2,
          null,
          2,
          2,
          2,
          null,
          1,
          1,
          null,
          null,
          1,
          2,
          null,
          1,
          1,
          null,
          null,
          null,
          1,
          1,
          1,
          1,
          1,
          null,
          null,
          null,
          1,
          1,
          1,
          1,
          1,
          null,
          null,
          null,
          null,
          1,
          1,
          1,
          null,
          null,
          null
        ]
      },
      "/home/developer/work_space/nilesh_sir_test/project_conversation_history_task/app/models/project.rb": {
        "lines": [
          1,
          1,
          null,
          1,
          1,
          1,
          null,
          1,
          null,
          1,
          null,
          1,
          1,
          null,
          null,
          1,
          0,
          null,
          null,
          1,
          0,
          null,
          null,
          null,
          null,
          null,
          null,
          1,
          null,
          1,
          35,
          null,
          null
        ]
      },
      "/home/developer/work_space/nilesh_sir_test/project_conversation_history_task/spec/models/user_spec.rb": {
        "lines": [
          1,
          null,
          1,
          2,
          2,
          2,
          2,
          null,
          2,
          2,
          null,
          2,
          null,
          2,
          null,
          1,
          1,
          1,
          null,
          null,
          null
        ]
      },
      "/home/developer/work_space/nilesh_sir_test/project_conversation_history_task/spec/services/mention_extractor_spec.rb": {
        "lines": [
          1,
          null,
          1,
          1,
          1,
          1,
          1,
          null,
          1,
          1,
          1,
          null,
          null,
          1,
          1,
          1,
          1,
          null,
          null,
          null
        ]
      },
      "/home/developer/work_space/nilesh_sir_test/project_conversation_history_task/app/services/mention_extractor.rb": {
        "lines": [
          1,
          1,
          11,
          11,
          null,
          null
        ]
      },
      "/home/developer/work_space/nilesh_sir_test/project_conversation_history_task/app/mailers/notification_mailer.rb": {
        "lines": [
          1,
          1,
          1,
          1,
          1,
          null,
          null
        ]
      },
      "/home/developer/work_space/nilesh_sir_test/project_conversation_history_task/app/mailers/application_mailer.rb": {
        "lines": [
          1,
          1,
          1,
          null
        ]
      }
    },
    "timestamp": 1739525762
  }
}
